2026-01-30 12:21:00,968 - INFO - Starting Licensing Board Scraper Application
2026-01-30 12:21:00,968 - INFO - Initializing Scraper Service...
2026-01-30 12:21:00,968 - INFO - Fetching https://www.boston.gov/departments/licensing-board/licensing-board-information-and-members...
2026-01-30 12:21:02,795 - INFO - Parsing links...
2026-01-30 12:21:02,832 - INFO - Saving 404 video links to /Users/dan/Code/Vibe_Coding/Code_For_Boston/boston-liquor-license-tracker/scraper/scrape/data/hearing_video_links.json...
2026-01-30 12:21:02,833 - INFO - Saved data to /Users/dan/Code/Vibe_Coding/Code_For_Boston/boston-liquor-license-tracker/scraper/scrape/data/hearing_video_links.json
2026-01-30 12:21:02,833 - INFO - Extracting dates...
2026-01-30 12:21:02,834 - INFO - Saving 141 minutes links...
2026-01-30 12:21:02,835 - INFO - Saved data to /Users/dan/Code/Vibe_Coding/Code_For_Boston/boston-liquor-license-tracker/scraper/scrape/data/voting_minutes_links.json
2026-01-30 12:21:02,835 - INFO - Link stats:
2026-01-30 12:21:02,835 - INFO - total_links: 605
2026-01-30 12:21:02,835 - INFO - client_side_links: 15
2026-01-30 12:21:02,835 - INFO - excluded_links: 45
2026-01-30 12:21:02,835 - INFO - video_links: 404
2026-01-30 12:21:02,835 - INFO - minutes_links: 141
2026-01-30 12:21:02,835 - INFO - Stats logged to /Users/dan/Code/Vibe_Coding/Code_For_Boston/boston-liquor-license-tracker/scraper/scrape/data/link_stats_log.csv
2026-01-30 12:21:02,835 - INFO - Scraping completed.
2026-01-30 12:21:02,835 - INFO - Initializing Downloader Service...
2026-01-30 12:21:02,835 - INFO - Starting download process...
2026-01-30 12:21:03,115 - INFO - Saved voting_minutes_2026-01-08.pdf
2026-01-30 12:21:03,321 - INFO - Saved voting_minutes_2026-01-29.pdf
2026-01-30 12:21:03,542 - INFO - Saved voting_minutes_2025-01-09.pdf
2026-01-30 12:21:03,756 - INFO - Saved voting_minutes_2025-01-16.pdf
2026-01-30 12:21:03,980 - INFO - Saved voting_minutes_2025-01-23.pdf
2026-01-30 12:21:04,215 - INFO - Saved voting_minutes_2025-02-13.pdf
2026-01-30 12:21:04,457 - INFO - Saved voting_minutes_2025-02-27.pdf
2026-01-30 12:21:04,680 - INFO - Saved voting_minutes_2025-03-06.pdf
2026-01-30 12:21:04,931 - INFO - Saved voting_minutes_2025-03-27.pdf
2026-01-30 12:21:05,179 - INFO - Saved voting_minutes_2025-04-03.pdf
2026-01-30 12:21:05,425 - INFO - Saved voting_minutes_2025-04-17.pdf
2026-01-30 12:21:05,758 - INFO - Saved voting_minutes_2025-05-01.pdf
2026-01-30 12:21:05,989 - INFO - Saved voting_minutes_2025-05-15.pdf
2026-01-30 12:21:06,234 - INFO - Saved voting_minutes_2025-05-29.pdf
2026-01-30 12:21:06,447 - INFO - Saved voting_minutes_2025-06-05.pdf
2026-01-30 12:21:06,686 - INFO - Saved voting_minutes_2025-06-26.pdf
2026-01-30 12:21:06,926 - INFO - Saved voting_minutes_2025-07-17.pdf
2026-01-30 12:21:07,178 - INFO - Saved voting_minutes_2025-07-31.pdf
2026-01-30 12:21:07,452 - INFO - Saved voting_minutes_2025-08-07.pdf
2026-01-30 12:21:07,744 - INFO - Saved voting_minutes_2025-08-28.pdf
2026-01-30 12:21:07,966 - INFO - Saved voting_minutes_2025-09-18.pdf
2026-01-30 12:21:08,208 - INFO - Saved voting_minutes_2025-10-23.pdf
2026-01-30 12:21:10,250 - INFO - Saved voting_minutes_yyyy-11-06.pdf
2026-01-30 12:21:12,174 - INFO - Saved voting_minutes_yyyy-11-20.pdf
2026-01-30 12:21:12,433 - INFO - Saved voting_minutes_2025-12-04.pdf
2026-01-30 12:21:12,657 - INFO - Saved voting_minutes_2025-12-18.pdf
2026-01-30 12:21:12,865 - INFO - Saved voting_minutes_2024-01-04.pdf
2026-01-30 12:21:13,080 - INFO - Saved voting_minutes_2024-02-01.pdf
2026-01-30 12:21:13,264 - INFO - Saved voting_minutes_2024-02-08.pdf
2026-01-30 12:21:13,469 - INFO - Saved voting_minutes_2024-02-29.pdf
2026-01-30 12:21:13,661 - INFO - Saved voting_minutes_2024-03-07.pdf
2026-01-30 12:21:13,861 - INFO - Saved voting_minutes_2024-03-28.pdf
2026-01-30 12:21:14,055 - INFO - Saved voting_minutes_2024-04-04.pdf
2026-01-30 12:21:14,245 - INFO - Saved voting_minutes_2024-04-25.pdf
2026-01-30 12:21:14,462 - INFO - Saved voting_minutes_2024-05-01.pdf
2026-01-30 12:21:14,680 - INFO - Saved voting_minutes_2024-05-23.pdf
2026-01-30 12:21:14,858 - INFO - Saved voting_minutes_2024-06-06.pdf
2026-01-30 12:21:15,136 - INFO - Saved voting_minutes_2024-06-26.pdf
2026-01-30 12:21:15,350 - INFO - Saved voting_minutes_2024-07-11.pdf
2026-01-30 12:21:15,568 - INFO - Saved voting_minutes_2024-08-01.pdf
2026-01-30 12:21:15,759 - INFO - Saved voting_minutes_2024-08-08.pdf
2026-01-30 12:21:15,987 - INFO - Saved voting_minutes_2024-08-22.pdf
2026-01-30 12:21:16,248 - INFO - Saved voting_minutes_2024-09-12.pdf
2026-01-30 12:21:16,439 - INFO - Saved voting_minutes_2024-09-26.pdf
2026-01-30 12:21:16,644 - INFO - Saved voting_minutes_2024-10-17.pdf
2026-01-30 12:21:16,872 - INFO - Saved voting_minutes_2024-10-31.pdf
2026-01-30 12:21:17,061 - INFO - Saved voting_minutes_2024-11-14.pdf
2026-01-30 12:21:17,333 - INFO - Saved voting_minutes_2024-11-21.pdf
2026-01-30 12:21:17,537 - INFO - Saved voting_minutes_2024-12-12.pdf
2026-01-30 12:21:17,734 - INFO - Saved voting_minutes_2023-01-05.pdf
2026-01-30 12:21:17,929 - INFO - Saved voting_minutes_2023-01-25.pdf
2026-01-30 12:21:18,146 - INFO - Saved voting_minutes_2023-02-02.pdf
2026-01-30 12:21:18,343 - INFO - Saved voting_minutes_2023-02-16.pdf
2026-01-30 12:21:18,561 - INFO - Saved voting_minutes_2023-03-08.pdf
2026-01-30 12:21:18,759 - INFO - Saved voting_minutes_2023-03-30.pdf
2026-01-30 12:21:18,971 - INFO - Saved voting_minutes_2023-04-06.pdf
2026-01-30 12:21:19,208 - INFO - Saved voting_minutes_2023-04-27.pdf
2026-01-30 12:21:19,398 - INFO - Saved voting_minutes_2023-05-04.pdf
2026-01-30 12:21:19,601 - INFO - Saved voting_minutes_2023-05-25.pdf
2026-01-30 12:21:19,800 - INFO - Saved voting_minutes_2023-06-08.pdf
2026-01-30 12:21:19,968 - INFO - Saved voting_minutes_2023-06-29.pdf
2026-01-30 12:21:20,200 - INFO - Saved voting_minutes_2023-07-20.pdf
2026-01-30 12:21:20,397 - INFO - Saved voting_minutes_2023-08-17.pdf
2026-01-30 12:21:20,620 - INFO - Saved voting_minutes_2023-09-14.pdf
2026-01-30 12:21:20,810 - INFO - Saved voting_minutes_2023-09-28.pdf
2026-01-30 12:21:21,019 - INFO - Saved voting_minutes_2023-10-04.pdf
2026-01-30 12:21:21,212 - INFO - Saved voting_minutes_2023-10-26.pdf
2026-01-30 12:21:21,442 - INFO - Saved voting_minutes_2023-11-02.pdf
2026-01-30 12:21:21,598 - INFO - Saved voting_minutes_2023-11-16.pdf
2026-01-30 12:21:21,812 - INFO - Saved voting_minutes_2023-12-14.pdf
2026-01-30 12:21:22,021 - INFO - Saved voting_minutes_2022-01-06.pdf
2026-01-30 12:21:22,227 - INFO - Saved voting_minutes_2022-01-20.pdf
2026-01-30 12:21:22,478 - INFO - Saved voting_minutes_2022-01-27.pdf
2026-01-30 12:21:22,754 - INFO - Saved voting_minutes_2022-02-03.pdf
2026-01-30 12:21:22,969 - INFO - Saved voting_minutes_2022-02-17.pdf
2026-01-30 12:21:23,239 - INFO - Saved voting_minutes_2022-03-03.pdf
2026-01-30 12:21:23,440 - INFO - Saved voting_minutes_2022-03-24.pdf
2026-01-30 12:21:23,632 - INFO - Saved voting_minutes_2022-04-07.pdf
2026-01-30 12:21:23,805 - INFO - Saved voting_minutes_2022-04-28.pdf
2026-01-30 12:21:24,011 - INFO - Saved voting_minutes_2022-05-05.pdf
2026-01-30 12:21:24,238 - INFO - Saved voting_minutes_2022-05-26.pdf
2026-01-30 12:21:24,453 - INFO - Saved voting_minutes_2022-06-08.pdf
2026-01-30 12:21:24,625 - INFO - Saved voting_minutes_2022-06-30.pdf
2026-01-30 12:21:24,973 - INFO - Saved voting_minutes_2022-07-14.pdf
2026-01-30 12:21:25,148 - INFO - Saved voting_minutes_2022-07-28.pdf
2026-01-30 12:21:25,337 - INFO - Saved voting_minutes_2022-08-04.pdf
2026-01-30 12:21:25,510 - INFO - Saved voting_minutes_2022-08-25.pdf
2026-01-30 12:21:25,686 - INFO - Saved voting_minutes_2022-09-15.pdf
2026-01-30 12:21:25,880 - INFO - Saved voting_minutes_2022-09-29.pdf
2026-01-30 12:21:26,075 - INFO - Saved voting_minutes_2022-10-06.pdf
2026-01-30 12:21:26,269 - INFO - Saved voting_minutes_2022-10-26.pdf
2026-01-30 12:21:26,452 - INFO - Saved voting_minutes_2022-11-03.pdf
2026-01-30 12:21:26,647 - INFO - Saved voting_minutes_2022-11-17.pdf
2026-01-30 12:21:26,862 - INFO - Saved voting_minutes_2022-12-15.pdf
2026-01-30 12:21:27,067 - INFO - Saved voting_minutes_2021-01-21.pdf
2026-01-30 12:21:27,254 - INFO - Saved voting_minutes_2021-01-28.pdf
2026-01-30 12:21:27,447 - INFO - Saved voting_minutes_2021-02-04.pdf
2026-01-30 12:21:27,652 - INFO - Saved voting_minutes_2021-02-25.pdf
2026-01-30 12:21:27,842 - INFO - Saved voting_minutes_2021-03-04.pdf
2026-01-30 12:21:28,024 - INFO - Saved voting_minutes_2021-04-01.pdf
2026-01-30 12:21:28,216 - INFO - Saved voting_minutes_yyyy-mm-dd.pdf
2026-01-30 12:21:28,410 - INFO - Saved voting_minutes_2021-04-08.pdf
2026-01-30 12:21:28,576 - INFO - No change - voting_minutes_yyyy-mm-dd.pdf is up to date
2026-01-30 12:21:28,741 - INFO - Saved voting_minutes_2021-04-20.pdf
2026-01-30 12:21:28,934 - INFO - Saved voting_minutes_2021-04-29.pdf
2026-01-30 12:21:29,149 - INFO - Saved voting_minutes_2021-05-06.pdf
2026-01-30 12:21:29,348 - INFO - Saved voting_minutes_2021-05-27.pdf
2026-01-30 12:21:29,550 - INFO - Saved voting_minutes_2021-06-03.pdf
2026-01-30 12:21:29,758 - INFO - Saved voting_minutes_2021-06-24.pdf
2026-01-30 12:21:29,954 - INFO - Saved voting_minutes_2021-07-01.pdf
2026-01-30 12:21:30,247 - INFO - Saved voting_minutes_2021-07-29.pdf
2026-01-30 12:21:30,438 - INFO - Saved voting_minutes_2021-08-09.pdf
2026-01-30 12:21:30,879 - INFO - Saved voting_minutes_2021-08-26.pdf
2026-01-30 12:21:31,080 - INFO - Saved voting_minutes_2021-09-02.pdf
2026-01-30 12:21:31,260 - INFO - Saved voting_minutes_2021-09-30.pdf
2026-01-30 12:21:31,471 - INFO - Saved voting_minutes_2021-10-07.pdf
2026-01-30 12:21:31,658 - INFO - Saved voting_minutes_2021-10-28.pdf
2026-01-30 12:21:31,881 - INFO - Saved voting_minutes_2021-11-04.pdf
2026-01-30 12:21:32,137 - INFO - Saved voting_minutes_2021-11-18.pdf
2026-01-30 12:21:32,342 - INFO - Saved voting_minutes_2021-12-02.pdf
2026-01-30 12:21:32,548 - INFO - Saved voting_minutes_2021-12-16.pdf
2026-01-30 12:21:32,778 - INFO - Saved voting_minutes_2020-12-23.pdf
2026-01-30 12:21:32,966 - INFO - Saved voting_minutes_2020-12-03.pdf
2026-01-30 12:21:33,175 - INFO - Saved voting_minutes_2020-11-05.pdf
2026-01-30 12:21:33,355 - INFO - Saved voting_minutes_2020-10-29.pdf
2026-01-30 12:21:33,551 - INFO - Saved voting_minutes_2020-10-08.pdf
2026-01-30 12:21:33,763 - INFO - Saved voting_minutes_2020-10-01.pdf
2026-01-30 12:21:33,960 - INFO - Saved voting_minutes_2020-09-17.pdf
2026-01-30 12:21:34,164 - INFO - Saved voting_minutes_2020-09-10.pdf
2026-01-30 12:21:34,352 - INFO - No change - voting_minutes_2020-09-10.pdf is up to date
2026-01-30 12:21:34,532 - INFO - Saved voting_minutes_2020-08-20.pdf
2026-01-30 12:21:34,729 - INFO - Saved voting_minutes_2020-08-13.pdf
2026-01-30 12:21:34,938 - INFO - Saved voting_minutes_2020-07-30.pdf
2026-01-30 12:21:35,156 - INFO - Saved voting_minutes_2020-07-16.pdf
2026-01-30 12:21:35,374 - INFO - Saved voting_minutes_2020-06-04.pdf
2026-01-30 12:21:35,568 - INFO - Saved voting_minutes_2020-05-28.pdf
2026-01-30 12:21:35,805 - INFO - Saved voting_minutes_2020-05-21.pdf
2026-01-30 12:21:35,998 - INFO - Saved voting_minutes_2020-05-14.pdf
2026-01-30 12:21:36,193 - INFO - Saved voting_minutes_2020-05-07.pdf
2026-01-30 12:21:36,420 - INFO - Saved voting_minutes_2020-04-23.pdf
2026-01-30 12:21:36,611 - INFO - Saved voting_minutes_2020-04-30.pdf
2026-01-30 12:21:36,612 - INFO - Download process completed.
2026-01-30 12:21:36,612 - INFO - Application finished successfully.
2026-01-30 12:21:36,612 - INFO - Total runtime: 0 minutes 35.64 seconds
2026-01-30 12:41:29,877 - INFO - Starting Licensing Board Scraper Application
2026-01-30 12:41:29,877 - INFO - Initializing Scraper Service...
2026-01-30 12:41:29,877 - INFO - Fetching https://www.boston.gov/departments/licensing-board/licensing-board-information-and-members...
2026-01-30 12:41:31,880 - INFO - Parsing links...
2026-01-30 12:41:31,914 - INFO - Saving 404 video links to /Users/dan/Code/Vibe_Coding/Code_For_Boston/boston-liquor-license-tracker/scraper/scrape/data/hearing_video_links.json...
2026-01-30 12:41:31,915 - INFO - Saved data to /Users/dan/Code/Vibe_Coding/Code_For_Boston/boston-liquor-license-tracker/scraper/scrape/data/hearing_video_links.json
2026-01-30 12:41:31,915 - INFO - Extracting dates...
2026-01-30 12:41:31,916 - INFO - Saving 141 minutes links...
2026-01-30 12:41:31,916 - INFO - Saved data to /Users/dan/Code/Vibe_Coding/Code_For_Boston/boston-liquor-license-tracker/scraper/scrape/data/voting_minutes_links.json
2026-01-30 12:41:31,916 - INFO - Link stats:
2026-01-30 12:41:31,916 - INFO - total_links: 605
2026-01-30 12:41:31,916 - INFO - client_side_links: 15
2026-01-30 12:41:31,916 - INFO - excluded_links: 45
2026-01-30 12:41:31,916 - INFO - video_links: 404
2026-01-30 12:41:31,916 - INFO - minutes_links: 141
2026-01-30 12:41:31,917 - INFO - Stats logged to /Users/dan/Code/Vibe_Coding/Code_For_Boston/boston-liquor-license-tracker/scraper/scrape/data/link_stats_log.csv
2026-01-30 12:41:31,917 - INFO - Scraping completed.
2026-01-30 12:41:31,917 - INFO - Initializing Downloader Service with download_dir: ./voting_minutes_pdfs2
2026-01-30 12:41:31,917 - INFO - Starting download process...
2026-01-30 12:41:32,133 - INFO - Saved voting_minutes_2026-01-08.pdf
2026-01-30 12:41:32,990 - INFO - Saved voting_minutes_2026-01-29.pdf
2026-01-30 12:41:33,176 - INFO - Saved voting_minutes_2025-01-09.pdf
2026-01-30 12:41:33,374 - INFO - Saved voting_minutes_2025-01-16.pdf
2026-01-30 12:41:33,560 - INFO - Saved voting_minutes_2025-01-23.pdf
2026-01-30 12:41:33,769 - INFO - Saved voting_minutes_2025-02-13.pdf
2026-01-30 12:41:33,975 - INFO - Saved voting_minutes_2025-02-27.pdf
2026-01-30 12:41:34,162 - INFO - Saved voting_minutes_2025-03-06.pdf
2026-01-30 12:41:34,367 - INFO - Saved voting_minutes_2025-03-27.pdf
2026-01-30 12:41:34,563 - INFO - Saved voting_minutes_2025-04-03.pdf
2026-01-30 12:41:34,739 - INFO - Saved voting_minutes_2025-04-17.pdf
2026-01-30 12:41:34,959 - INFO - Saved voting_minutes_2025-05-01.pdf
2026-01-30 12:41:35,167 - INFO - Saved voting_minutes_2025-05-15.pdf
2026-01-30 12:41:35,366 - INFO - Saved voting_minutes_2025-05-29.pdf
2026-01-30 12:41:35,567 - INFO - Saved voting_minutes_2025-06-05.pdf
2026-01-30 12:41:35,862 - INFO - Saved voting_minutes_2025-06-26.pdf
2026-01-30 12:41:36,084 - INFO - Saved voting_minutes_2025-07-17.pdf
2026-01-30 12:41:36,264 - INFO - Saved voting_minutes_2025-07-31.pdf
2026-01-30 12:41:36,447 - INFO - Saved voting_minutes_2025-08-07.pdf
2026-01-30 12:41:36,666 - INFO - Saved voting_minutes_2025-08-28.pdf
2026-01-30 12:41:36,861 - INFO - Saved voting_minutes_2025-09-18.pdf
2026-01-30 12:41:37,072 - INFO - Saved voting_minutes_2025-10-23.pdf
2026-01-30 12:41:39,756 - INFO - Saved voting_minutes_yyyy-11-06.pdf
2026-01-30 12:41:41,643 - INFO - Saved voting_minutes_yyyy-11-20.pdf
2026-01-30 12:41:41,913 - INFO - Saved voting_minutes_2025-12-04.pdf
2026-01-30 12:41:42,103 - INFO - Saved voting_minutes_2025-12-18.pdf
2026-01-30 12:41:42,285 - INFO - Saved voting_minutes_2024-01-04.pdf
2026-01-30 12:41:42,451 - INFO - Saved voting_minutes_2024-02-01.pdf
2026-01-30 12:41:42,616 - INFO - Saved voting_minutes_2024-02-08.pdf
2026-01-30 12:41:42,836 - INFO - Saved voting_minutes_2024-02-29.pdf
2026-01-30 12:41:43,003 - INFO - Saved voting_minutes_2024-03-07.pdf
2026-01-30 12:41:43,175 - INFO - Saved voting_minutes_2024-03-28.pdf
2026-01-30 12:41:43,331 - INFO - Saved voting_minutes_2024-04-04.pdf
2026-01-30 12:41:43,500 - INFO - Saved voting_minutes_2024-04-25.pdf
2026-01-30 12:41:43,667 - INFO - Saved voting_minutes_2024-05-01.pdf
2026-01-30 12:41:43,834 - INFO - Saved voting_minutes_2024-05-23.pdf
2026-01-30 12:41:44,002 - INFO - Saved voting_minutes_2024-06-06.pdf
2026-01-30 12:41:44,171 - INFO - Saved voting_minutes_2024-06-26.pdf
2026-01-30 12:41:44,352 - INFO - Saved voting_minutes_2024-07-11.pdf
2026-01-30 12:41:44,515 - INFO - Saved voting_minutes_2024-08-01.pdf
2026-01-30 12:41:44,666 - INFO - Saved voting_minutes_2024-08-08.pdf
2026-01-30 12:41:44,848 - INFO - Saved voting_minutes_2024-08-22.pdf
2026-01-30 12:41:45,018 - INFO - Saved voting_minutes_2024-09-12.pdf
2026-01-30 12:41:45,189 - INFO - Saved voting_minutes_2024-09-26.pdf
2026-01-30 12:41:45,374 - INFO - Saved voting_minutes_2024-10-17.pdf
2026-01-30 12:41:45,558 - INFO - Saved voting_minutes_2024-10-31.pdf
2026-01-30 12:41:45,738 - INFO - Saved voting_minutes_2024-11-14.pdf
2026-01-30 12:41:45,900 - INFO - Saved voting_minutes_2024-11-21.pdf
2026-01-30 12:41:46,075 - INFO - Saved voting_minutes_2024-12-12.pdf
2026-01-30 12:41:46,238 - INFO - Saved voting_minutes_2023-01-05.pdf
2026-01-30 12:41:46,398 - INFO - Saved voting_minutes_2023-01-25.pdf
2026-01-30 12:41:46,564 - INFO - Saved voting_minutes_2023-02-02.pdf
2026-01-30 12:41:46,720 - INFO - Saved voting_minutes_2023-02-16.pdf
2026-01-30 12:41:46,883 - INFO - Saved voting_minutes_2023-03-08.pdf
2026-01-30 12:41:47,065 - INFO - Saved voting_minutes_2023-03-30.pdf
2026-01-30 12:41:47,239 - INFO - Saved voting_minutes_2023-04-06.pdf
2026-01-30 12:41:47,417 - INFO - Saved voting_minutes_2023-04-27.pdf
2026-01-30 12:41:47,633 - INFO - Saved voting_minutes_2023-05-04.pdf
2026-01-30 12:41:47,790 - INFO - Saved voting_minutes_2023-05-25.pdf
2026-01-30 12:41:47,990 - INFO - Saved voting_minutes_2023-06-08.pdf
2026-01-30 12:41:48,146 - INFO - Saved voting_minutes_2023-06-29.pdf
2026-01-30 12:41:48,319 - INFO - Saved voting_minutes_2023-07-20.pdf
2026-01-30 12:41:48,498 - INFO - Saved voting_minutes_2023-08-17.pdf
2026-01-30 12:41:48,701 - INFO - Saved voting_minutes_2023-09-14.pdf
2026-01-30 12:41:48,869 - INFO - Saved voting_minutes_2023-09-28.pdf
2026-01-30 12:41:49,029 - INFO - Saved voting_minutes_2023-10-04.pdf
2026-01-30 12:41:49,201 - INFO - Saved voting_minutes_2023-10-26.pdf
2026-01-30 12:41:49,366 - INFO - Saved voting_minutes_2023-11-02.pdf
2026-01-30 12:41:49,533 - INFO - Saved voting_minutes_2023-11-16.pdf
2026-01-30 12:41:49,708 - INFO - Saved voting_minutes_2023-12-14.pdf
2026-01-30 12:41:49,879 - INFO - Saved voting_minutes_2022-01-06.pdf
2026-01-30 12:41:50,063 - INFO - Saved voting_minutes_2022-01-20.pdf
2026-01-30 12:41:50,261 - INFO - Saved voting_minutes_2022-01-27.pdf
2026-01-30 12:41:50,422 - INFO - Saved voting_minutes_2022-02-03.pdf
2026-01-30 12:41:50,583 - INFO - Saved voting_minutes_2022-02-17.pdf
2026-01-30 12:41:50,742 - INFO - Saved voting_minutes_2022-03-03.pdf
2026-01-30 12:41:50,898 - INFO - Saved voting_minutes_2022-03-24.pdf
2026-01-30 12:41:51,062 - INFO - Saved voting_minutes_2022-04-07.pdf
2026-01-30 12:41:51,235 - INFO - Saved voting_minutes_2022-04-28.pdf
2026-01-30 12:41:51,407 - INFO - Saved voting_minutes_2022-05-05.pdf
2026-01-30 12:41:51,633 - INFO - Saved voting_minutes_2022-05-26.pdf
2026-01-30 12:41:51,803 - INFO - Saved voting_minutes_2022-06-08.pdf
2026-01-30 12:41:51,991 - INFO - Saved voting_minutes_2022-06-30.pdf
2026-01-30 12:41:52,155 - INFO - Saved voting_minutes_2022-07-14.pdf
2026-01-30 12:41:52,321 - INFO - Saved voting_minutes_2022-07-28.pdf
2026-01-30 12:41:52,502 - INFO - Saved voting_minutes_2022-08-04.pdf
2026-01-30 12:41:52,662 - INFO - Saved voting_minutes_2022-08-25.pdf
2026-01-30 12:41:52,822 - INFO - Saved voting_minutes_2022-09-15.pdf
2026-01-30 12:41:52,981 - INFO - Saved voting_minutes_2022-09-29.pdf
2026-01-30 12:41:53,140 - INFO - Saved voting_minutes_2022-10-06.pdf
2026-01-30 12:41:53,308 - INFO - Saved voting_minutes_2022-10-26.pdf
2026-01-30 12:41:53,476 - INFO - Saved voting_minutes_2022-11-03.pdf
2026-01-30 12:41:53,645 - INFO - Saved voting_minutes_2022-11-17.pdf
2026-01-30 12:41:53,820 - INFO - Saved voting_minutes_2022-12-15.pdf
2026-01-30 12:41:53,970 - INFO - Saved voting_minutes_2021-01-21.pdf
2026-01-30 12:41:54,124 - INFO - Saved voting_minutes_2021-01-28.pdf
2026-01-30 12:41:54,278 - INFO - Saved voting_minutes_2021-02-04.pdf
2026-01-30 12:41:54,451 - INFO - Saved voting_minutes_2021-02-25.pdf
2026-01-30 12:41:54,641 - INFO - Saved voting_minutes_2021-03-04.pdf
2026-01-30 12:41:54,801 - INFO - Saved voting_minutes_2021-04-01.pdf
2026-01-30 12:41:54,967 - INFO - Saved voting_minutes_yyyy-mm-dd.pdf
2026-01-30 12:41:55,135 - INFO - Saved voting_minutes_2021-04-08.pdf
2026-01-30 12:41:55,301 - INFO - No change - voting_minutes_yyyy-mm-dd.pdf is up to date
2026-01-30 12:41:55,437 - INFO - Saved voting_minutes_2021-04-20.pdf
2026-01-30 12:41:55,606 - INFO - Saved voting_minutes_2021-04-29.pdf
2026-01-30 12:41:55,769 - INFO - Saved voting_minutes_2021-05-06.pdf
2026-01-30 12:41:55,928 - INFO - Saved voting_minutes_2021-05-27.pdf
2026-01-30 12:41:56,089 - INFO - Saved voting_minutes_2021-06-03.pdf
2026-01-30 12:41:56,254 - INFO - Saved voting_minutes_2021-06-24.pdf
2026-01-30 12:41:56,428 - INFO - Saved voting_minutes_2021-07-01.pdf
2026-01-30 12:41:56,630 - INFO - Saved voting_minutes_2021-07-29.pdf
2026-01-30 12:41:56,793 - INFO - Saved voting_minutes_2021-08-09.pdf
2026-01-30 12:41:57,051 - INFO - Saved voting_minutes_2021-08-26.pdf
2026-01-30 12:41:57,251 - INFO - Saved voting_minutes_2021-09-02.pdf
2026-01-30 12:41:57,499 - INFO - Saved voting_minutes_2021-09-30.pdf
2026-01-30 12:41:57,680 - INFO - Saved voting_minutes_2021-10-07.pdf
2026-01-30 12:41:57,855 - INFO - Saved voting_minutes_2021-10-28.pdf
2026-01-30 12:41:58,026 - INFO - Saved voting_minutes_2021-11-04.pdf
2026-01-30 12:41:58,184 - INFO - Saved voting_minutes_2021-11-18.pdf
2026-01-30 12:41:58,353 - INFO - Saved voting_minutes_2021-12-02.pdf
2026-01-30 12:41:58,525 - INFO - Saved voting_minutes_2021-12-16.pdf
2026-01-30 12:41:58,674 - INFO - Saved voting_minutes_2020-12-23.pdf
2026-01-30 12:41:58,832 - INFO - Saved voting_minutes_2020-12-03.pdf
2026-01-30 12:41:58,983 - INFO - Saved voting_minutes_2020-11-05.pdf
2026-01-30 12:41:59,157 - INFO - Saved voting_minutes_2020-10-29.pdf
2026-01-30 12:41:59,313 - INFO - Saved voting_minutes_2020-10-08.pdf
2026-01-30 12:41:59,497 - INFO - Saved voting_minutes_2020-10-01.pdf
2026-01-30 12:41:59,662 - INFO - Saved voting_minutes_2020-09-17.pdf
2026-01-30 12:41:59,818 - INFO - Saved voting_minutes_2020-09-10.pdf
2026-01-30 12:41:59,964 - INFO - No change - voting_minutes_2020-09-10.pdf is up to date
2026-01-30 12:42:00,120 - INFO - Saved voting_minutes_2020-08-20.pdf
2026-01-30 12:42:00,273 - INFO - Saved voting_minutes_2020-08-13.pdf
2026-01-30 12:42:00,435 - INFO - Saved voting_minutes_2020-07-30.pdf
2026-01-30 12:42:00,585 - INFO - Saved voting_minutes_2020-07-16.pdf
2026-01-30 12:42:00,734 - INFO - Saved voting_minutes_2020-06-04.pdf
2026-01-30 12:42:00,987 - INFO - Saved voting_minutes_2020-05-28.pdf
2026-01-30 12:42:01,149 - INFO - Saved voting_minutes_2020-05-21.pdf
2026-01-30 12:42:01,306 - INFO - Saved voting_minutes_2020-05-14.pdf
2026-01-30 12:42:01,471 - INFO - Saved voting_minutes_2020-05-07.pdf
2026-01-30 12:42:01,643 - INFO - Saved voting_minutes_2020-04-23.pdf
2026-01-30 12:42:01,799 - INFO - Saved voting_minutes_2020-04-30.pdf
2026-01-30 12:42:01,799 - INFO - Download process completed.
2026-01-30 12:42:01,799 - INFO - Application finished successfully.
2026-01-30 12:42:01,799 - INFO - Total runtime: 0 minutes 31.92 seconds
2026-03-16 00:40:47,013 - INFO - Starting Licensing Board Scraper Application
2026-03-16 00:40:47,013 - INFO - Initializing Scraper Service...
2026-03-16 00:40:47,013 - INFO - Fetching https://www.boston.gov/departments/licensing-board/licensing-board-information-and-members...
2026-03-16 00:40:49,236 - INFO - Parsing links...
2026-03-16 00:40:49,308 - INFO - Saving 408 video links to /home/runner/work/boston-liquor-license-tracker/boston-liquor-license-tracker/scraper/scrape/data/hearing_video_links.json...
2026-03-16 00:40:49,309 - INFO - Saved data to /home/runner/work/boston-liquor-license-tracker/boston-liquor-license-tracker/scraper/scrape/data/hearing_video_links.json
2026-03-16 00:40:49,310 - INFO - Extracting dates...
2026-03-16 00:40:49,311 - INFO - Saving 144 minutes links...
2026-03-16 00:40:49,312 - INFO - Saved data to /home/runner/work/boston-liquor-license-tracker/boston-liquor-license-tracker/scraper/scrape/data/voting_minutes_links.json
2026-03-16 00:40:49,312 - INFO - Link stats:
2026-03-16 00:40:49,312 - INFO - total_links: 612
2026-03-16 00:40:49,312 - INFO - client_side_links: 15
2026-03-16 00:40:49,313 - INFO - excluded_links: 45
2026-03-16 00:40:49,313 - INFO - video_links: 408
2026-03-16 00:40:49,313 - INFO - minutes_links: 144
2026-03-16 00:40:49,313 - INFO - Stats logged to /home/runner/work/boston-liquor-license-tracker/boston-liquor-license-tracker/scraper/scrape/data/link_stats_log.csv
2026-03-16 00:40:49,313 - INFO - Scraping completed.
2026-03-16 00:40:49,313 - INFO - Initializing Downloader Service with download_dir: ./data/voting_minutes_pdfs
2026-03-16 00:40:49,313 - INFO - Starting download process...
2026-03-16 00:40:50,227 - WARNING - Invalid PDF at https://www.boston.gov/departments/elections/how-add-your-name-annual-census. Adding to exclude list.
2026-03-16 00:40:50,699 - INFO - Saved voting_minutes_2026-01-08.pdf
2026-03-16 00:40:51,212 - INFO - Saved voting_minutes_2026-01-29.pdf
2026-03-16 00:40:51,644 - INFO - Saved voting_minutes_2026-02-12.pdf
2026-03-16 00:40:52,113 - INFO - Saved voting_minutes_2026-03-05.pdf
2026-03-16 00:40:52,338 - INFO - Saved voting_minutes_2025-01-09.pdf
2026-03-16 00:40:52,721 - INFO - Saved voting_minutes_2025-01-16.pdf
2026-03-16 00:40:52,924 - INFO - Saved voting_minutes_2025-01-23.pdf
2026-03-16 00:40:53,495 - INFO - Saved voting_minutes_2025-02-13.pdf
2026-03-16 00:40:53,920 - INFO - Saved voting_minutes_2025-02-27.pdf
2026-03-16 00:40:54,381 - INFO - Saved voting_minutes_2025-03-06.pdf
2026-03-16 00:40:54,665 - INFO - Saved voting_minutes_2025-03-27.pdf
2026-03-16 00:40:55,108 - INFO - Saved voting_minutes_2025-04-03.pdf
2026-03-16 00:40:55,608 - INFO - Saved voting_minutes_2025-04-17.pdf
2026-03-16 00:40:56,111 - INFO - Saved voting_minutes_2025-05-01.pdf
2026-03-16 00:40:56,597 - INFO - Saved voting_minutes_2025-05-15.pdf
2026-03-16 00:40:57,051 - INFO - Saved voting_minutes_2025-05-29.pdf
2026-03-16 00:40:57,490 - INFO - Saved voting_minutes_2025-06-05.pdf
2026-03-16 00:40:57,963 - INFO - Saved voting_minutes_2025-06-26.pdf
2026-03-16 00:40:58,530 - INFO - Saved voting_minutes_2025-07-17.pdf
2026-03-16 00:40:58,979 - INFO - Saved voting_minutes_2025-07-31.pdf
2026-03-16 00:40:59,127 - INFO - Saved voting_minutes_2025-08-07.pdf
2026-03-16 00:40:59,763 - INFO - Saved voting_minutes_2025-08-28.pdf
2026-03-16 00:41:00,310 - INFO - Saved voting_minutes_2025-09-18.pdf
2026-03-16 00:41:00,466 - INFO - Saved voting_minutes_2025-10-23.pdf
2026-03-16 00:41:02,143 - INFO - Saved voting_minutes_yyyy-11-06.pdf
2026-03-16 00:41:03,502 - INFO - Saved voting_minutes_yyyy-11-20.pdf
2026-03-16 00:41:03,957 - INFO - Saved voting_minutes_2025-12-04.pdf
2026-03-16 00:41:04,407 - INFO - Saved voting_minutes_2025-12-18.pdf
2026-03-16 00:41:04,762 - INFO - Saved voting_minutes_2024-01-04.pdf
2026-03-16 00:41:04,901 - INFO - Saved voting_minutes_2024-02-01.pdf
2026-03-16 00:41:05,119 - INFO - Saved voting_minutes_2024-02-08.pdf
2026-03-16 00:41:05,508 - INFO - Saved voting_minutes_2024-02-29.pdf
2026-03-16 00:41:05,912 - INFO - Saved voting_minutes_2024-03-07.pdf
2026-03-16 00:41:06,333 - INFO - Saved voting_minutes_2024-03-28.pdf
2026-03-16 00:41:06,699 - INFO - Saved voting_minutes_2024-04-04.pdf
2026-03-16 00:41:07,049 - INFO - Saved voting_minutes_2024-04-25.pdf
2026-03-16 00:41:07,404 - INFO - Saved voting_minutes_2024-05-01.pdf
2026-03-16 00:41:07,776 - INFO - Saved voting_minutes_2024-05-23.pdf
2026-03-16 00:41:08,208 - INFO - Saved voting_minutes_2024-06-06.pdf
2026-03-16 00:41:08,560 - INFO - Saved voting_minutes_2024-06-26.pdf
2026-03-16 00:41:08,923 - INFO - Saved voting_minutes_2024-07-11.pdf
2026-03-16 00:41:09,284 - INFO - Saved voting_minutes_2024-08-01.pdf
2026-03-16 00:41:09,645 - INFO - Saved voting_minutes_2024-08-08.pdf
2026-03-16 00:41:10,002 - INFO - Saved voting_minutes_2024-08-22.pdf
2026-03-16 00:41:10,147 - INFO - Saved voting_minutes_2024-09-12.pdf
2026-03-16 00:41:10,502 - INFO - Saved voting_minutes_2024-09-26.pdf
2026-03-16 00:41:10,705 - INFO - Saved voting_minutes_2024-10-17.pdf
2026-03-16 00:41:10,851 - INFO - Saved voting_minutes_2024-10-31.pdf
2026-03-16 00:41:11,209 - INFO - Saved voting_minutes_2024-11-14.pdf
2026-03-16 00:41:11,357 - INFO - Saved voting_minutes_2024-11-21.pdf
2026-03-16 00:41:11,809 - INFO - Saved voting_minutes_2024-12-12.pdf
2026-03-16 00:41:12,193 - INFO - Saved voting_minutes_2023-01-05.pdf
2026-03-16 00:41:12,352 - INFO - Saved voting_minutes_2023-01-25.pdf
2026-03-16 00:41:12,716 - INFO - Saved voting_minutes_2023-02-02.pdf
2026-03-16 00:41:12,853 - INFO - Saved voting_minutes_2023-02-16.pdf
2026-03-16 00:41:13,212 - INFO - Saved voting_minutes_2023-03-08.pdf
2026-03-16 00:41:13,475 - INFO - Saved voting_minutes_2023-03-30.pdf
2026-03-16 00:41:13,836 - INFO - Saved voting_minutes_2023-04-06.pdf
2026-03-16 00:41:14,192 - INFO - Saved voting_minutes_2023-04-27.pdf
2026-03-16 00:41:14,548 - INFO - Saved voting_minutes_2023-05-04.pdf
2026-03-16 00:41:14,763 - INFO - Saved voting_minutes_2023-05-25.pdf
2026-03-16 00:41:15,133 - INFO - Saved voting_minutes_2023-06-08.pdf
2026-03-16 00:41:15,519 - INFO - Saved voting_minutes_2023-06-29.pdf
2026-03-16 00:41:15,664 - INFO - Saved voting_minutes_2023-07-20.pdf
2026-03-16 00:41:15,811 - INFO - Saved voting_minutes_2023-08-17.pdf
2026-03-16 00:41:16,167 - INFO - Saved voting_minutes_2023-09-14.pdf
2026-03-16 00:41:16,545 - INFO - Saved voting_minutes_2023-09-28.pdf
2026-03-16 00:41:16,891 - INFO - Saved voting_minutes_2023-10-04.pdf
2026-03-16 00:41:17,217 - INFO - Saved voting_minutes_2023-10-26.pdf
2026-03-16 00:41:17,367 - INFO - Saved voting_minutes_2023-11-02.pdf
2026-03-16 00:41:17,762 - INFO - Saved voting_minutes_2023-11-16.pdf
2026-03-16 00:41:18,120 - INFO - Saved voting_minutes_2023-12-14.pdf
2026-03-16 00:41:18,492 - INFO - Saved voting_minutes_2022-01-06.pdf
2026-03-16 00:41:18,789 - INFO - Saved voting_minutes_2022-01-20.pdf
2026-03-16 00:41:19,002 - INFO - Saved voting_minutes_2022-01-27.pdf
2026-03-16 00:41:19,346 - INFO - Saved voting_minutes_2022-02-03.pdf
2026-03-16 00:41:19,726 - INFO - Saved voting_minutes_2022-02-17.pdf
2026-03-16 00:41:20,087 - INFO - Saved voting_minutes_2022-03-03.pdf
2026-03-16 00:41:20,439 - INFO - Saved voting_minutes_2022-03-24.pdf
2026-03-16 00:41:20,653 - INFO - Saved voting_minutes_2022-04-07.pdf
2026-03-16 00:41:21,022 - INFO - Saved voting_minutes_2022-04-28.pdf
2026-03-16 00:41:21,405 - INFO - Saved voting_minutes_2022-05-05.pdf
2026-03-16 00:41:21,789 - INFO - Saved voting_minutes_2022-05-26.pdf
2026-03-16 00:41:22,155 - INFO - Saved voting_minutes_2022-06-08.pdf
2026-03-16 00:41:22,522 - INFO - Saved voting_minutes_2022-06-30.pdf
2026-03-16 00:41:22,635 - INFO - Saved voting_minutes_2022-07-14.pdf
2026-03-16 00:41:22,912 - INFO - Saved voting_minutes_2022-07-28.pdf
2026-03-16 00:41:23,048 - INFO - Saved voting_minutes_2022-08-04.pdf
2026-03-16 00:41:23,543 - INFO - Saved voting_minutes_2022-08-25.pdf
2026-03-16 00:41:23,759 - INFO - Saved voting_minutes_2022-09-15.pdf
2026-03-16 00:41:24,107 - INFO - Saved voting_minutes_2022-09-29.pdf
2026-03-16 00:41:24,318 - INFO - Saved voting_minutes_2022-10-06.pdf
2026-03-16 00:41:24,757 - INFO - Saved voting_minutes_2022-10-26.pdf
2026-03-16 00:41:25,100 - INFO - Saved voting_minutes_2022-11-03.pdf
2026-03-16 00:41:25,457 - INFO - Saved voting_minutes_2022-11-17.pdf
2026-03-16 00:41:25,809 - INFO - Saved voting_minutes_2022-12-15.pdf
2026-03-16 00:41:25,976 - INFO - Saved voting_minutes_2021-01-21.pdf
2026-03-16 00:41:26,345 - INFO - Saved voting_minutes_2021-01-28.pdf
2026-03-16 00:41:26,743 - INFO - Saved voting_minutes_2021-02-04.pdf
2026-03-16 00:41:27,096 - INFO - Saved voting_minutes_2021-02-25.pdf
2026-03-16 00:41:27,423 - INFO - Saved voting_minutes_2021-03-04.pdf
2026-03-16 00:41:27,774 - INFO - Saved voting_minutes_2021-04-01.pdf
2026-03-16 00:41:28,128 - INFO - Saved voting_minutes_yyyy-mm-dd.pdf
2026-03-16 00:41:28,638 - INFO - Saved voting_minutes_2021-04-08.pdf
2026-03-16 00:41:28,964 - INFO - No change - voting_minutes_yyyy-mm-dd.pdf is up to date
2026-03-16 00:41:29,316 - INFO - Saved voting_minutes_2021-04-20.pdf
2026-03-16 00:41:29,530 - INFO - Saved voting_minutes_2021-04-29.pdf
2026-03-16 00:41:29,921 - INFO - Saved voting_minutes_2021-05-06.pdf
2026-03-16 00:41:30,291 - INFO - Saved voting_minutes_2021-05-27.pdf
2026-03-16 00:41:30,630 - INFO - Saved voting_minutes_2021-06-03.pdf
2026-03-16 00:41:30,984 - INFO - Saved voting_minutes_2021-06-24.pdf
2026-03-16 00:41:31,345 - INFO - Saved voting_minutes_2021-07-01.pdf
2026-03-16 00:41:31,781 - INFO - Saved voting_minutes_2021-07-29.pdf
2026-03-16 00:41:31,951 - INFO - Saved voting_minutes_2021-08-09.pdf
2026-03-16 00:41:32,220 - INFO - Saved voting_minutes_2021-08-26.pdf
2026-03-16 00:41:32,669 - INFO - Saved voting_minutes_2021-09-02.pdf
2026-03-16 00:41:33,028 - INFO - Saved voting_minutes_2021-09-30.pdf
2026-03-16 00:41:33,372 - INFO - Saved voting_minutes_2021-10-07.pdf
2026-03-16 00:41:33,719 - INFO - Saved voting_minutes_2021-10-28.pdf
2026-03-16 00:41:34,056 - INFO - Saved voting_minutes_2021-11-04.pdf
2026-03-16 00:41:34,235 - INFO - Saved voting_minutes_2021-11-18.pdf
2026-03-16 00:41:34,614 - INFO - Saved voting_minutes_2021-12-02.pdf
2026-03-16 00:41:35,150 - INFO - Saved voting_minutes_2021-12-16.pdf
2026-03-16 00:41:35,502 - INFO - Saved voting_minutes_2020-12-23.pdf
2026-03-16 00:41:35,898 - INFO - Saved voting_minutes_2020-12-03.pdf
2026-03-16 00:41:36,261 - INFO - Saved voting_minutes_2020-11-05.pdf
2026-03-16 00:41:36,480 - INFO - Saved voting_minutes_2020-10-29.pdf
2026-03-16 00:41:36,843 - INFO - Saved voting_minutes_2020-10-08.pdf
2026-03-16 00:41:37,094 - INFO - Saved voting_minutes_2020-10-01.pdf
2026-03-16 00:41:37,274 - INFO - Saved voting_minutes_2020-09-17.pdf
2026-03-16 00:41:37,661 - INFO - Saved voting_minutes_2020-09-10.pdf
2026-03-16 00:41:38,003 - INFO - No change - voting_minutes_2020-09-10.pdf is up to date
2026-03-16 00:41:38,235 - INFO - Saved voting_minutes_2020-08-20.pdf
2026-03-16 00:41:38,408 - INFO - Saved voting_minutes_2020-08-13.pdf
2026-03-16 00:41:38,761 - INFO - Saved voting_minutes_2020-07-30.pdf
2026-03-16 00:41:39,126 - INFO - Saved voting_minutes_2020-07-16.pdf
2026-03-16 00:41:39,485 - INFO - Saved voting_minutes_2020-06-04.pdf
2026-03-16 00:41:39,832 - INFO - Saved voting_minutes_2020-05-28.pdf
2026-03-16 00:41:40,202 - INFO - Saved voting_minutes_2020-05-21.pdf
2026-03-16 00:41:40,550 - INFO - Saved voting_minutes_2020-05-14.pdf
2026-03-16 00:41:41,049 - INFO - Saved voting_minutes_2020-05-07.pdf
2026-03-16 00:41:41,482 - INFO - Saved voting_minutes_2020-04-23.pdf
2026-03-16 00:41:41,855 - INFO - Saved voting_minutes_2020-04-30.pdf
2026-03-16 00:41:41,856 - INFO - Download process completed.
2026-03-16 00:41:41,856 - INFO - Application finished successfully.
2026-03-16 00:41:41,856 - INFO - Total runtime: 0 minutes 54.84 seconds
2026-03-23 00:39:20,389 - INFO - Starting Licensing Board Scraper Application
2026-03-23 00:39:20,389 - INFO - Initializing Scraper Service...
2026-03-23 00:39:20,389 - INFO - Fetching https://www.boston.gov/departments/licensing-board/licensing-board-information-and-members...
2026-03-23 00:39:22,238 - INFO - Parsing links...
2026-03-23 00:39:22,308 - INFO - Saving 410 video links to /home/runner/work/boston-liquor-license-tracker/boston-liquor-license-tracker/scraper/scrape/data/hearing_video_links.json...
2026-03-23 00:39:22,310 - INFO - Saved data to /home/runner/work/boston-liquor-license-tracker/boston-liquor-license-tracker/scraper/scrape/data/hearing_video_links.json
2026-03-23 00:39:22,310 - INFO - Extracting dates...
2026-03-23 00:39:22,312 - INFO - Saving 143 minutes links...
2026-03-23 00:39:22,313 - INFO - Saved data to /home/runner/work/boston-liquor-license-tracker/boston-liquor-license-tracker/scraper/scrape/data/voting_minutes_links.json
2026-03-23 00:39:22,313 - INFO - Link stats:
2026-03-23 00:39:22,313 - INFO - total_links: 614
2026-03-23 00:39:22,313 - INFO - client_side_links: 15
2026-03-23 00:39:22,313 - INFO - excluded_links: 46
2026-03-23 00:39:22,314 - INFO - video_links: 410
2026-03-23 00:39:22,314 - INFO - minutes_links: 143
2026-03-23 00:39:22,314 - INFO - Stats logged to /home/runner/work/boston-liquor-license-tracker/boston-liquor-license-tracker/scraper/scrape/data/link_stats_log.csv
2026-03-23 00:39:22,314 - INFO - Scraping completed.
2026-03-23 00:39:22,314 - INFO - Initializing Downloader Service with download_dir: ./data/voting_minutes_pdfs
2026-03-23 00:39:22,314 - INFO - Starting download process...
2026-03-23 00:39:22,559 - INFO - Saved voting_minutes_2026-01-08_v2.pdf
2026-03-23 00:39:22,800 - INFO - Saved voting_minutes_2026-01-29_v2.pdf
2026-03-23 00:39:22,971 - INFO - Saved voting_minutes_2026-02-12_v2.pdf
2026-03-23 00:39:23,203 - INFO - Saved voting_minutes_2026-03-05_v2.pdf
2026-03-23 00:39:23,465 - INFO - Saved voting_minutes_2025-01-09_v2.pdf
2026-03-23 00:39:23,650 - INFO - Saved voting_minutes_2025-01-16_v2.pdf
2026-03-23 00:39:23,904 - INFO - Saved voting_minutes_2025-01-23_v2.pdf
2026-03-23 00:39:24,107 - INFO - Saved voting_minutes_2025-02-13_v2.pdf
2026-03-23 00:39:24,324 - INFO - Saved voting_minutes_2025-02-27_v2.pdf
2026-03-23 00:39:24,518 - INFO - Saved voting_minutes_2025-03-06_v2.pdf
2026-03-23 00:39:24,760 - INFO - Saved voting_minutes_2025-03-27_v2.pdf
2026-03-23 00:39:24,947 - INFO - Saved voting_minutes_2025-04-03_v2.pdf
2026-03-23 00:39:25,122 - INFO - Saved voting_minutes_2025-04-17_v2.pdf
2026-03-23 00:39:25,309 - INFO - Saved voting_minutes_2025-05-01_v2.pdf
2026-03-23 00:39:25,548 - INFO - Saved voting_minutes_2025-05-15_v2.pdf
2026-03-23 00:39:25,732 - INFO - Saved voting_minutes_2025-05-29_v2.pdf
2026-03-23 00:39:25,948 - INFO - Saved voting_minutes_2025-06-05_v2.pdf
2026-03-23 00:39:26,104 - INFO - Saved voting_minutes_2025-06-26_v2.pdf
2026-03-23 00:39:26,306 - INFO - Saved voting_minutes_2025-07-17_v2.pdf
2026-03-23 00:39:26,541 - INFO - Saved voting_minutes_2025-07-31_v2.pdf
2026-03-23 00:39:26,690 - INFO - Saved voting_minutes_2025-08-07_v2.pdf
2026-03-23 00:39:26,878 - INFO - Saved voting_minutes_2025-08-28_v2.pdf
2026-03-23 00:39:27,068 - INFO - Saved voting_minutes_2025-09-18_v2.pdf
2026-03-23 00:39:27,297 - INFO - Saved voting_minutes_2025-10-23_v2.pdf
2026-03-23 00:39:28,819 - INFO - Saved voting_minutes_yyyy-11-06_v2.pdf
2026-03-23 00:39:30,501 - INFO - Saved voting_minutes_yyyy-11-20_v2.pdf
2026-03-23 00:39:30,831 - INFO - Saved voting_minutes_2025-12-04_v2.pdf
2026-03-23 00:39:31,041 - INFO - Saved voting_minutes_2025-12-18_v2.pdf
2026-03-23 00:39:31,263 - INFO - Saved voting_minutes_2024-01-04_v2.pdf
2026-03-23 00:39:31,711 - INFO - Saved voting_minutes_2024-02-01_v2.pdf
2026-03-23 00:39:31,903 - INFO - Saved voting_minutes_2024-02-08_v2.pdf
2026-03-23 00:39:32,133 - INFO - Saved voting_minutes_2024-02-29_v2.pdf
2026-03-23 00:39:32,339 - INFO - Saved voting_minutes_2024-03-07_v2.pdf
2026-03-23 00:39:32,521 - INFO - Saved voting_minutes_2024-03-28_v2.pdf
2026-03-23 00:39:32,677 - INFO - Saved voting_minutes_2024-04-04_v2.pdf
2026-03-23 00:39:32,861 - INFO - Saved voting_minutes_2024-04-25_v2.pdf
2026-03-23 00:39:33,052 - INFO - Saved voting_minutes_2024-05-01_v2.pdf
2026-03-23 00:39:33,235 - INFO - Saved voting_minutes_2024-05-23_v2.pdf
2026-03-23 00:39:33,442 - INFO - Saved voting_minutes_2024-06-06_v2.pdf
2026-03-23 00:39:33,628 - INFO - Saved voting_minutes_2024-06-26_v2.pdf
2026-03-23 00:39:33,780 - INFO - Saved voting_minutes_2024-07-11_v2.pdf
2026-03-23 00:39:33,972 - INFO - Saved voting_minutes_2024-08-01_v2.pdf
2026-03-23 00:39:34,165 - INFO - Saved voting_minutes_2024-08-08_v2.pdf
2026-03-23 00:39:34,314 - INFO - Saved voting_minutes_2024-08-22_v2.pdf
2026-03-23 00:39:34,506 - INFO - Saved voting_minutes_2024-09-12_v2.pdf
2026-03-23 00:39:34,639 - INFO - Saved voting_minutes_2024-09-26_v2.pdf
2026-03-23 00:39:34,874 - INFO - Saved voting_minutes_2024-10-17_v2.pdf
2026-03-23 00:39:35,069 - INFO - Saved voting_minutes_2024-10-31_v2.pdf
2026-03-23 00:39:35,224 - INFO - Saved voting_minutes_2024-11-14_v2.pdf
2026-03-23 00:39:35,407 - INFO - Saved voting_minutes_2024-11-21_v2.pdf
2026-03-23 00:39:35,573 - INFO - Saved voting_minutes_2024-12-12_v2.pdf
2026-03-23 00:39:35,780 - INFO - Saved voting_minutes_2023-01-05_v2.pdf
2026-03-23 00:39:35,915 - INFO - Saved voting_minutes_2023-01-25_v2.pdf
2026-03-23 00:39:36,114 - INFO - Saved voting_minutes_2023-02-02_v2.pdf
2026-03-23 00:39:36,293 - INFO - Saved voting_minutes_2023-02-16_v2.pdf
2026-03-23 00:39:36,498 - INFO - Saved voting_minutes_2023-03-08_v2.pdf
2026-03-23 00:39:36,636 - INFO - Saved voting_minutes_2023-03-30_v2.pdf
2026-03-23 00:39:36,859 - INFO - Saved voting_minutes_2023-04-06_v2.pdf
2026-03-23 00:39:37,075 - INFO - Saved voting_minutes_2023-04-27_v2.pdf
2026-03-23 00:39:37,320 - INFO - Saved voting_minutes_2023-05-04_v2.pdf
2026-03-23 00:39:37,501 - INFO - Saved voting_minutes_2023-05-25_v2.pdf
2026-03-23 00:39:37,664 - INFO - Saved voting_minutes_2023-06-08_v2.pdf
2026-03-23 00:39:37,835 - INFO - Saved voting_minutes_2023-06-29_v2.pdf
2026-03-23 00:39:38,033 - INFO - Saved voting_minutes_2023-07-20_v2.pdf
2026-03-23 00:39:38,211 - INFO - Saved voting_minutes_2023-08-17_v2.pdf
2026-03-23 00:39:38,416 - INFO - Saved voting_minutes_2023-09-14_v2.pdf
2026-03-23 00:39:38,583 - INFO - Saved voting_minutes_2023-09-28_v2.pdf
2026-03-23 00:39:38,745 - INFO - Saved voting_minutes_2023-10-04_v2.pdf
2026-03-23 00:39:38,935 - INFO - Saved voting_minutes_2023-10-26_v2.pdf
2026-03-23 00:39:39,115 - INFO - Saved voting_minutes_2023-11-02_v2.pdf
2026-03-23 00:39:39,311 - INFO - Saved voting_minutes_2023-11-16_v2.pdf
2026-03-23 00:39:39,497 - INFO - Saved voting_minutes_2023-12-14_v2.pdf
2026-03-23 00:39:39,675 - INFO - Saved voting_minutes_2022-01-06_v2.pdf
2026-03-23 00:39:39,822 - INFO - Saved voting_minutes_2022-01-20_v2.pdf
2026-03-23 00:39:39,985 - INFO - Saved voting_minutes_2022-01-27_v2.pdf
2026-03-23 00:39:40,173 - INFO - Saved voting_minutes_2022-02-03_v2.pdf
2026-03-23 00:39:40,357 - INFO - Saved voting_minutes_2022-02-17_v2.pdf
2026-03-23 00:39:40,521 - INFO - Saved voting_minutes_2022-03-03_v2.pdf
2026-03-23 00:39:40,721 - INFO - Saved voting_minutes_2022-03-24_v2.pdf
2026-03-23 00:39:40,901 - INFO - Saved voting_minutes_2022-04-07_v2.pdf
2026-03-23 00:39:41,081 - INFO - Saved voting_minutes_2022-04-28_v2.pdf
2026-03-23 00:39:41,247 - INFO - Saved voting_minutes_2022-05-05_v2.pdf
2026-03-23 00:39:41,437 - INFO - Saved voting_minutes_2022-05-26_v2.pdf
2026-03-23 00:39:41,594 - INFO - Saved voting_minutes_2022-06-08_v2.pdf
2026-03-23 00:39:41,773 - INFO - Saved voting_minutes_2022-06-30_v2.pdf
2026-03-23 00:39:41,953 - INFO - Saved voting_minutes_2022-07-14_v2.pdf
2026-03-23 00:39:42,126 - INFO - Saved voting_minutes_2022-07-28_v2.pdf
2026-03-23 00:39:42,294 - INFO - Saved voting_minutes_2022-08-04_v2.pdf
2026-03-23 00:39:42,472 - INFO - Saved voting_minutes_2022-08-25_v2.pdf
2026-03-23 00:39:42,610 - INFO - Saved voting_minutes_2022-09-15_v2.pdf
2026-03-23 00:39:42,815 - INFO - Saved voting_minutes_2022-09-29_v2.pdf
2026-03-23 00:39:43,052 - INFO - Saved voting_minutes_2022-10-06_v2.pdf
2026-03-23 00:39:43,183 - INFO - Saved voting_minutes_2022-10-26_v2.pdf
2026-03-23 00:39:43,334 - INFO - Saved voting_minutes_2022-11-03_v2.pdf
2026-03-23 00:39:43,506 - INFO - Saved voting_minutes_2022-11-17_v2.pdf
2026-03-23 00:39:43,713 - INFO - Saved voting_minutes_2022-12-15_v2.pdf
2026-03-23 00:39:43,956 - INFO - Saved voting_minutes_2021-01-21_v2.pdf
2026-03-23 00:39:44,163 - INFO - Saved voting_minutes_2021-01-28_v2.pdf
2026-03-23 00:39:44,306 - INFO - Saved voting_minutes_2021-02-04_v2.pdf
2026-03-23 00:39:44,479 - INFO - Saved voting_minutes_2021-02-25_v2.pdf
2026-03-23 00:39:44,801 - INFO - Saved voting_minutes_2021-03-04_v2.pdf
2026-03-23 00:39:44,980 - INFO - Saved voting_minutes_2021-04-01_v2.pdf
2026-03-23 00:39:45,151 - INFO - Saved voting_minutes_yyyy-mm-dd_v2.pdf
2026-03-23 00:39:45,328 - INFO - Saved voting_minutes_2021-04-08_v2.pdf
2026-03-23 00:39:45,492 - INFO - Duplicate content - matches voting_minutes_yyyy-mm-dd_v2.pdf
2026-03-23 00:39:45,648 - INFO - Saved voting_minutes_2021-04-20_v2.pdf
2026-03-23 00:39:45,798 - INFO - Saved voting_minutes_2021-04-29_v2.pdf
2026-03-23 00:39:45,986 - INFO - Saved voting_minutes_2021-05-06_v2.pdf
2026-03-23 00:39:46,197 - INFO - Saved voting_minutes_2021-05-27_v2.pdf
2026-03-23 00:39:46,347 - INFO - Saved voting_minutes_2021-06-03_v2.pdf
2026-03-23 00:39:46,536 - INFO - Saved voting_minutes_2021-06-24_v2.pdf
2026-03-23 00:39:46,697 - INFO - Saved voting_minutes_2021-07-01_v2.pdf
2026-03-23 00:39:46,917 - INFO - Saved voting_minutes_2021-07-29_v2.pdf
2026-03-23 00:39:47,135 - INFO - Saved voting_minutes_2021-08-09_v2.pdf
2026-03-23 00:39:47,310 - INFO - Saved voting_minutes_2021-08-26_v2.pdf
2026-03-23 00:39:47,516 - INFO - Saved voting_minutes_2021-09-02_v2.pdf
2026-03-23 00:39:47,701 - INFO - Saved voting_minutes_2021-09-30_v2.pdf
2026-03-23 00:39:47,853 - INFO - Saved voting_minutes_2021-10-07_v2.pdf
2026-03-23 00:39:48,037 - INFO - Saved voting_minutes_2021-10-28_v2.pdf
2026-03-23 00:39:48,213 - INFO - Saved voting_minutes_2021-11-04_v2.pdf
2026-03-23 00:39:48,400 - INFO - Saved voting_minutes_2021-11-18_v2.pdf
2026-03-23 00:39:48,548 - INFO - Saved voting_minutes_2021-12-02_v2.pdf
2026-03-23 00:39:48,731 - INFO - Saved voting_minutes_2021-12-16_v2.pdf
2026-03-23 00:39:48,902 - INFO - Saved voting_minutes_2020-12-23_v2.pdf
2026-03-23 00:39:49,251 - INFO - Saved voting_minutes_2020-12-03_v2.pdf
2026-03-23 00:39:49,498 - INFO - Saved voting_minutes_2020-11-05_v2.pdf
2026-03-23 00:39:49,642 - INFO - Saved voting_minutes_2020-10-29_v2.pdf
2026-03-23 00:39:49,815 - INFO - Saved voting_minutes_2020-10-08_v2.pdf
2026-03-23 00:39:49,972 - INFO - Saved voting_minutes_2020-10-01_v2.pdf
2026-03-23 00:39:50,158 - INFO - Saved voting_minutes_2020-09-17_v2.pdf
2026-03-23 00:39:50,333 - INFO - Saved voting_minutes_2020-09-10_v2.pdf
2026-03-23 00:39:50,526 - INFO - Duplicate content - matches voting_minutes_2020-09-10_v2.pdf
2026-03-23 00:39:50,686 - INFO - Saved voting_minutes_2020-08-20_v2.pdf
2026-03-23 00:39:50,867 - INFO - Saved voting_minutes_2020-08-13_v2.pdf
2026-03-23 00:39:51,049 - INFO - Saved voting_minutes_2020-07-30_v2.pdf
2026-03-23 00:39:51,200 - INFO - Saved voting_minutes_2020-07-16_v2.pdf
2026-03-23 00:39:51,359 - INFO - Saved voting_minutes_2020-06-04_v2.pdf
2026-03-23 00:39:51,507 - INFO - Saved voting_minutes_2020-05-28_v2.pdf
2026-03-23 00:39:51,678 - INFO - Saved voting_minutes_2020-05-21_v2.pdf
2026-03-23 00:39:51,863 - INFO - Saved voting_minutes_2020-05-14_v2.pdf
2026-03-23 00:39:52,049 - INFO - Saved voting_minutes_2020-05-07_v2.pdf
2026-03-23 00:39:52,228 - INFO - Saved voting_minutes_2020-04-23_v2.pdf
2026-03-23 00:39:52,399 - INFO - Saved voting_minutes_2020-04-30_v2.pdf
2026-03-23 00:39:52,400 - INFO - Download process completed.
2026-03-23 00:39:52,400 - INFO - Application finished successfully.
2026-03-23 00:39:52,400 - INFO - Total runtime: 0 minutes 32.01 seconds
2026-03-30 00:41:57,561 - INFO - Starting Licensing Board Scraper Application
2026-03-30 00:41:57,561 - INFO - Initializing Scraper Service...
2026-03-30 00:41:57,561 - INFO - Fetching https://www.boston.gov/departments/licensing-board/licensing-board-information-and-members...
2026-03-30 00:41:59,319 - INFO - Parsing links...
2026-03-30 00:41:59,393 - INFO - Saving 410 video links to /home/runner/work/boston-liquor-license-tracker/boston-liquor-license-tracker/scraper/scrape/data/hearing_video_links.json...
2026-03-30 00:41:59,395 - INFO - Saved data to /home/runner/work/boston-liquor-license-tracker/boston-liquor-license-tracker/scraper/scrape/data/hearing_video_links.json
2026-03-30 00:41:59,395 - INFO - Extracting dates...
2026-03-30 00:41:59,397 - INFO - Saving 144 minutes links...
2026-03-30 00:41:59,397 - INFO - Saved data to /home/runner/work/boston-liquor-license-tracker/boston-liquor-license-tracker/scraper/scrape/data/voting_minutes_links.json
2026-03-30 00:41:59,397 - INFO - Link stats:
2026-03-30 00:41:59,397 - INFO - total_links: 615
2026-03-30 00:41:59,398 - INFO - client_side_links: 15
2026-03-30 00:41:59,398 - INFO - excluded_links: 46
2026-03-30 00:41:59,398 - INFO - video_links: 410
2026-03-30 00:41:59,398 - INFO - minutes_links: 144
2026-03-30 00:41:59,398 - INFO - Stats logged to /home/runner/work/boston-liquor-license-tracker/boston-liquor-license-tracker/scraper/scrape/data/link_stats_log.csv
2026-03-30 00:41:59,398 - INFO - Scraping completed.
2026-03-30 00:41:59,398 - INFO - Initializing Downloader Service with download_dir: ./data/voting_minutes_pdfs
2026-03-30 00:41:59,398 - INFO - Starting download process...
2026-03-30 00:41:59,480 - INFO - Saved voting_minutes_2026-01-08_v3.pdf
2026-03-30 00:41:59,555 - INFO - Saved voting_minutes_2026-01-29_v3.pdf
2026-03-30 00:41:59,617 - INFO - Saved voting_minutes_2026-02-12_v3.pdf
2026-03-30 00:41:59,779 - INFO - Saved voting_minutes_2026-03-05_v3.pdf
2026-03-30 00:41:59,914 - INFO - Saved voting_minutes_2026-03-26.pdf
2026-03-30 00:42:00,024 - INFO - Saved voting_minutes_2025-01-09_v3.pdf
2026-03-30 00:42:00,109 - INFO - Saved voting_minutes_2025-01-16_v3.pdf
2026-03-30 00:42:00,211 - INFO - Saved voting_minutes_2025-01-23_v3.pdf
2026-03-30 00:42:00,502 - INFO - Saved voting_minutes_2025-02-13_v3.pdf
2026-03-30 00:42:00,673 - INFO - Saved voting_minutes_2025-02-27_v3.pdf
2026-03-30 00:42:00,770 - INFO - Saved voting_minutes_2025-03-06_v3.pdf
2026-03-30 00:42:00,892 - INFO - Saved voting_minutes_2025-03-27_v3.pdf
2026-03-30 00:42:00,992 - INFO - Saved voting_minutes_2025-04-03_v3.pdf
2026-03-30 00:42:01,086 - INFO - Saved voting_minutes_2025-04-17_v3.pdf
2026-03-30 00:42:01,196 - INFO - Saved voting_minutes_2025-05-01_v3.pdf
2026-03-30 00:42:01,286 - INFO - Saved voting_minutes_2025-05-15_v3.pdf
2026-03-30 00:42:01,387 - INFO - Saved voting_minutes_2025-05-29_v3.pdf
2026-03-30 00:42:01,501 - INFO - Saved voting_minutes_2025-06-05_v3.pdf
2026-03-30 00:42:01,830 - INFO - Saved voting_minutes_2025-06-26_v3.pdf
2026-03-30 00:42:01,919 - INFO - Saved voting_minutes_2025-07-17_v3.pdf
2026-03-30 00:42:02,008 - INFO - Saved voting_minutes_2025-07-31_v3.pdf
2026-03-30 00:42:02,126 - INFO - Saved voting_minutes_2025-08-07_v3.pdf
2026-03-30 00:42:02,647 - INFO - Saved voting_minutes_2025-08-28_v3.pdf
2026-03-30 00:42:02,735 - INFO - Saved voting_minutes_2025-09-18_v3.pdf
2026-03-30 00:42:02,831 - INFO - Saved voting_minutes_2025-10-23_v3.pdf
2026-03-30 00:42:04,297 - INFO - Saved voting_minutes_yyyy-11-06_v3.pdf
2026-03-30 00:42:05,907 - INFO - Saved voting_minutes_yyyy-11-20_v3.pdf
2026-03-30 00:42:05,992 - INFO - Saved voting_minutes_2025-12-04_v3.pdf
2026-03-30 00:42:06,102 - INFO - Saved voting_minutes_2025-12-18_v3.pdf
2026-03-30 00:42:06,192 - INFO - Saved voting_minutes_2024-01-04_v3.pdf
2026-03-30 00:42:06,276 - INFO - Saved voting_minutes_2024-02-01_v3.pdf
2026-03-30 00:42:06,360 - INFO - Saved voting_minutes_2024-02-08_v3.pdf
2026-03-30 00:42:06,444 - INFO - Saved voting_minutes_2024-02-29_v3.pdf
2026-03-30 00:42:06,734 - INFO - Saved voting_minutes_2024-03-07_v3.pdf
2026-03-30 00:42:06,823 - INFO - Saved voting_minutes_2024-03-28_v3.pdf
2026-03-30 00:42:06,897 - INFO - Saved voting_minutes_2024-04-04_v3.pdf
2026-03-30 00:42:06,977 - INFO - Saved voting_minutes_2024-04-25_v3.pdf
2026-03-30 00:42:07,066 - INFO - Saved voting_minutes_2024-05-01_v3.pdf
2026-03-30 00:42:07,170 - INFO - Saved voting_minutes_2024-05-23_v3.pdf
2026-03-30 00:42:07,299 - INFO - Saved voting_minutes_2024-06-06_v3.pdf
2026-03-30 00:42:07,437 - INFO - Saved voting_minutes_2024-06-26_v3.pdf
2026-03-30 00:42:07,533 - INFO - Saved voting_minutes_2024-07-11_v3.pdf
2026-03-30 00:42:07,630 - INFO - Saved voting_minutes_2024-08-01_v3.pdf
2026-03-30 00:42:07,716 - INFO - Saved voting_minutes_2024-08-08_v3.pdf
2026-03-30 00:42:07,805 - INFO - Saved voting_minutes_2024-08-22_v3.pdf
2026-03-30 00:42:07,887 - INFO - Saved voting_minutes_2024-09-12_v3.pdf
2026-03-30 00:42:07,975 - INFO - Saved voting_minutes_2024-09-26_v3.pdf
2026-03-30 00:42:08,131 - INFO - Saved voting_minutes_2024-10-17_v3.pdf
2026-03-30 00:42:08,225 - INFO - Saved voting_minutes_2024-10-31_v3.pdf
2026-03-30 00:42:08,303 - INFO - Saved voting_minutes_2024-11-14_v3.pdf
2026-03-30 00:42:08,398 - INFO - Saved voting_minutes_2024-11-21_v3.pdf
2026-03-30 00:42:08,483 - INFO - Saved voting_minutes_2024-12-12_v3.pdf
2026-03-30 00:42:08,562 - INFO - Saved voting_minutes_2023-01-05_v3.pdf
2026-03-30 00:42:08,652 - INFO - Saved voting_minutes_2023-01-25_v3.pdf
2026-03-30 00:42:08,737 - INFO - Saved voting_minutes_2023-02-02_v3.pdf
2026-03-30 00:42:08,890 - INFO - Saved voting_minutes_2023-02-16_v3.pdf
2026-03-30 00:42:08,958 - INFO - Saved voting_minutes_2023-03-08_v3.pdf
2026-03-30 00:42:09,058 - INFO - Saved voting_minutes_2023-03-30_v3.pdf
2026-03-30 00:42:09,126 - INFO - Saved voting_minutes_2023-04-06_v3.pdf
2026-03-30 00:42:09,202 - INFO - Saved voting_minutes_2023-04-27_v3.pdf
2026-03-30 00:42:09,327 - INFO - Saved voting_minutes_2023-05-04_v3.pdf
2026-03-30 00:42:09,449 - INFO - Saved voting_minutes_2023-05-25_v3.pdf
2026-03-30 00:42:09,519 - INFO - Saved voting_minutes_2023-06-08_v3.pdf
2026-03-30 00:42:09,604 - INFO - Saved voting_minutes_2023-06-29_v3.pdf
2026-03-30 00:42:09,681 - INFO - Saved voting_minutes_2023-07-20_v3.pdf
2026-03-30 00:42:09,784 - INFO - Saved voting_minutes_2023-08-17_v3.pdf
2026-03-30 00:42:09,891 - INFO - Saved voting_minutes_2023-09-14_v3.pdf
2026-03-30 00:42:09,968 - INFO - Saved voting_minutes_2023-09-28_v3.pdf
2026-03-30 00:42:10,065 - INFO - Saved voting_minutes_2023-10-04_v3.pdf
2026-03-30 00:42:10,142 - INFO - Saved voting_minutes_2023-10-26_v3.pdf
2026-03-30 00:42:10,237 - INFO - Saved voting_minutes_2023-11-02_v3.pdf
2026-03-30 00:42:10,322 - INFO - Saved voting_minutes_2023-11-16_v3.pdf
2026-03-30 00:42:10,427 - INFO - Saved voting_minutes_2023-12-14_v3.pdf
2026-03-30 00:42:10,504 - INFO - Saved voting_minutes_2022-01-06_v3.pdf
2026-03-30 00:42:10,583 - INFO - Saved voting_minutes_2022-01-20_v3.pdf
2026-03-30 00:42:10,668 - INFO - Saved voting_minutes_2022-01-27_v3.pdf
2026-03-30 00:42:10,764 - INFO - Saved voting_minutes_2022-02-03_v3.pdf
2026-03-30 00:42:10,831 - INFO - Saved voting_minutes_2022-02-17_v3.pdf
2026-03-30 00:42:10,921 - INFO - Saved voting_minutes_2022-03-03_v3.pdf
2026-03-30 00:42:10,992 - INFO - Saved voting_minutes_2022-03-24_v3.pdf
2026-03-30 00:42:11,131 - INFO - Saved voting_minutes_2022-04-07_v3.pdf
2026-03-30 00:42:11,220 - INFO - Saved voting_minutes_2022-04-28_v3.pdf
2026-03-30 00:42:11,291 - INFO - Saved voting_minutes_2022-05-05_v3.pdf
2026-03-30 00:42:11,365 - INFO - Saved voting_minutes_2022-05-26_v3.pdf
2026-03-30 00:42:11,477 - INFO - Saved voting_minutes_2022-06-08_v3.pdf
2026-03-30 00:42:11,572 - INFO - Saved voting_minutes_2022-06-30_v3.pdf
2026-03-30 00:42:11,649 - INFO - Saved voting_minutes_2022-07-14_v3.pdf
2026-03-30 00:42:11,738 - INFO - Saved voting_minutes_2022-07-28_v3.pdf
2026-03-30 00:42:11,818 - INFO - Saved voting_minutes_2022-08-04_v3.pdf
2026-03-30 00:42:11,893 - INFO - Saved voting_minutes_2022-08-25_v3.pdf
2026-03-30 00:42:12,390 - INFO - Saved voting_minutes_2022-09-15_v3.pdf
2026-03-30 00:42:12,482 - INFO - Saved voting_minutes_2022-09-29_v3.pdf
2026-03-30 00:42:12,562 - INFO - Saved voting_minutes_2022-10-06_v3.pdf
2026-03-30 00:42:12,635 - INFO - Saved voting_minutes_2022-10-26_v3.pdf
2026-03-30 00:42:12,773 - INFO - Saved voting_minutes_2022-11-03_v3.pdf
2026-03-30 00:42:12,974 - INFO - Saved voting_minutes_2022-11-17_v3.pdf
2026-03-30 00:42:13,064 - INFO - Saved voting_minutes_2022-12-15_v3.pdf
2026-03-30 00:42:13,141 - INFO - Saved voting_minutes_2021-01-21_v3.pdf
2026-03-30 00:42:13,273 - INFO - Saved voting_minutes_2021-01-28_v3.pdf
2026-03-30 00:42:13,379 - INFO - Saved voting_minutes_2021-02-04_v3.pdf
2026-03-30 00:42:13,472 - INFO - Saved voting_minutes_2021-02-25_v3.pdf
2026-03-30 00:42:13,553 - INFO - Saved voting_minutes_2021-03-04_v3.pdf
2026-03-30 00:42:13,673 - INFO - Saved voting_minutes_2021-04-01_v3.pdf
2026-03-30 00:42:13,744 - INFO - Saved voting_minutes_yyyy-mm-dd_v3.pdf
2026-03-30 00:42:13,835 - INFO - Saved voting_minutes_2021-04-08_v3.pdf
2026-03-30 00:42:13,995 - INFO - Duplicate content - matches voting_minutes_yyyy-mm-dd_v3.pdf
2026-03-30 00:42:14,188 - INFO - Saved voting_minutes_2021-04-20_v3.pdf
2026-03-30 00:42:14,259 - INFO - Saved voting_minutes_2021-04-29_v3.pdf
2026-03-30 00:42:14,363 - INFO - Saved voting_minutes_2021-05-06_v3.pdf
2026-03-30 00:42:14,460 - INFO - Saved voting_minutes_2021-05-27_v3.pdf
2026-03-30 00:42:14,528 - INFO - Saved voting_minutes_2021-06-03_v3.pdf
2026-03-30 00:42:14,645 - INFO - Saved voting_minutes_2021-06-24_v3.pdf
2026-03-30 00:42:14,788 - INFO - Saved voting_minutes_2021-07-01_v3.pdf
2026-03-30 00:42:14,903 - INFO - Saved voting_minutes_2021-07-29_v3.pdf
2026-03-30 00:42:14,974 - INFO - Saved voting_minutes_2021-08-09_v3.pdf
2026-03-30 00:42:15,096 - INFO - Saved voting_minutes_2021-08-26_v3.pdf
2026-03-30 00:42:15,189 - INFO - Saved voting_minutes_2021-09-02_v3.pdf
2026-03-30 00:42:15,263 - INFO - Saved voting_minutes_2021-09-30_v3.pdf
2026-03-30 00:42:15,346 - INFO - Saved voting_minutes_2021-10-07_v3.pdf
2026-03-30 00:42:15,429 - INFO - Saved voting_minutes_2021-10-28_v3.pdf
2026-03-30 00:42:15,527 - INFO - Saved voting_minutes_2021-11-04_v3.pdf
2026-03-30 00:42:15,602 - INFO - Saved voting_minutes_2021-11-18_v3.pdf
2026-03-30 00:42:15,673 - INFO - Saved voting_minutes_2021-12-02_v3.pdf
2026-03-30 00:42:15,741 - INFO - Saved voting_minutes_2021-12-16_v3.pdf
2026-03-30 00:42:15,823 - INFO - Saved voting_minutes_2020-12-23_v3.pdf
2026-03-30 00:42:15,900 - INFO - Saved voting_minutes_2020-12-03_v3.pdf
2026-03-30 00:42:15,978 - INFO - Saved voting_minutes_2020-11-05_v3.pdf
2026-03-30 00:42:16,060 - INFO - Saved voting_minutes_2020-10-29_v3.pdf
2026-03-30 00:42:16,209 - INFO - Saved voting_minutes_2020-10-08_v3.pdf
2026-03-30 00:42:16,305 - INFO - Saved voting_minutes_2020-10-01_v3.pdf
2026-03-30 00:42:16,383 - INFO - Saved voting_minutes_2020-09-17_v3.pdf
2026-03-30 00:42:16,506 - INFO - Saved voting_minutes_2020-09-10_v3.pdf
2026-03-30 00:42:16,601 - INFO - Duplicate content - matches voting_minutes_2020-09-10_v3.pdf
2026-03-30 00:42:16,675 - INFO - Saved voting_minutes_2020-08-20_v3.pdf
2026-03-30 00:42:16,792 - INFO - Saved voting_minutes_2020-08-13_v3.pdf
2026-03-30 00:42:16,872 - INFO - Saved voting_minutes_2020-07-30_v3.pdf
2026-03-30 00:42:16,941 - INFO - Saved voting_minutes_2020-07-16_v3.pdf
2026-03-30 00:42:17,017 - INFO - Saved voting_minutes_2020-06-04_v3.pdf
2026-03-30 00:42:17,120 - INFO - Saved voting_minutes_2020-05-28_v3.pdf
2026-03-30 00:42:17,197 - INFO - Saved voting_minutes_2020-05-21_v3.pdf
2026-03-30 00:42:17,408 - INFO - Saved voting_minutes_2020-05-14_v3.pdf
2026-03-30 00:42:17,819 - INFO - Saved voting_minutes_2020-05-07_v3.pdf
2026-03-30 00:42:17,903 - INFO - Saved voting_minutes_2020-04-23_v3.pdf
2026-03-30 00:42:17,992 - INFO - Saved voting_minutes_2020-04-30_v3.pdf
2026-03-30 00:42:17,993 - INFO - Download process completed.
2026-03-30 00:42:17,993 - INFO - Application finished successfully.
2026-03-30 00:42:17,993 - INFO - Total runtime: 0 minutes 20.43 seconds
